2020-05-29 08:30:25.993  INFO 30752 --- [main] c.l.m.majiang.MajiangApplication         : Starting MajiangApplication on DESKTOP-DSMKROM with PID 30752 (D:\majiangsp\target\classes started by admin in D:\majiangsp)
2020-05-29 08:30:26.001  INFO 30752 --- [main] c.l.m.majiang.MajiangApplication         : No active profile set, falling back to default profiles: default
2020-05-29 08:30:27.340  INFO 30752 --- [main] o.s.b.w.embedded.tomcat.TomcatWebServer  : Tomcat initialized with port(s): 8022 (http)
2020-05-29 08:30:27.375  INFO 30752 --- [main] o.apache.catalina.core.StandardService   : Starting service [Tomcat]
2020-05-29 08:30:27.376  INFO 30752 --- [main] org.apache.catalina.core.StandardEngine  : Starting Servlet engine: [Apache Tomcat/9.0.34]
2020-05-29 08:30:27.536  INFO 30752 --- [main] o.a.c.c.C.[Tomcat].[localhost].[/]       : Initializing Spring embedded WebApplicationContext
2020-05-29 08:30:27.536  INFO 30752 --- [main] o.s.web.context.ContextLoader            : Root WebApplicationContext: initialization completed in 1474 ms
2020-05-29 08:30:27.910  INFO 30752 --- [main] o.s.s.concurrent.ThreadPoolTaskExecutor  : Initializing ExecutorService 'applicationTaskExecutor'
2020-05-29 08:30:28.259  INFO 30752 --- [main] o.s.b.w.embedded.tomcat.TomcatWebServer  : Tomcat started on port(s): 8022 (http) with context path ''
2020-05-29 08:30:28.261  INFO 30752 --- [main] c.l.m.majiang.MajiangApplication         : Started MajiangApplication in 2.727 seconds (JVM running for 4.675)
2020-05-29 08:30:40.024  INFO 30752 --- [http-nio-8022-exec-1] o.a.c.c.C.[Tomcat].[localhost].[/]       : Initializing Spring DispatcherServlet 'dispatcherServlet'
2020-05-29 08:30:40.024  INFO 30752 --- [http-nio-8022-exec-1] o.s.web.servlet.DispatcherServlet        : Initializing Servlet 'dispatcherServlet'
2020-05-29 08:30:40.031  INFO 30752 --- [http-nio-8022-exec-1] o.s.web.servlet.DispatcherServlet        : Completed initialization in 7 ms
2020-05-29 08:30:40.071  INFO 30752 --- [http-nio-8022-exec-1] com.zaxxer.hikari.HikariDataSource       : HikariPool-1 - Starting...
2020-05-29 08:30:40.207  INFO 30752 --- [http-nio-8022-exec-1] com.zaxxer.hikari.HikariDataSource       : HikariPool-1 - Start completed.
2020-05-29 08:30:40.214 DEBUG 30752 --- [http-nio-8022-exec-1] c.l.m.majiang.mapper.userMapper.select   : ==>  Preparing: select * from user where token =? 
2020-05-29 08:30:40.235 DEBUG 30752 --- [http-nio-8022-exec-1] c.l.m.majiang.mapper.userMapper.select   : ==> Parameters: 337a5164-1b5a-45e0-bf58-32a41b14edec(String)
2020-05-29 08:30:40.422 DEBUG 30752 --- [http-nio-8022-exec-1] c.l.m.majiang.mapper.userMapper.select   : <==      Total: 0
2020-05-29 08:30:40.446  INFO 30752 --- [http-nio-8022-exec-1] c.l.m.m.controller.Lixibingcontroller    : 123456789
2020-05-29 08:30:40.446 DEBUG 30752 --- [http-nio-8022-exec-1] c.l.m.majiang.mapper.userMapper.select   : ==>  Preparing: select * from user where token =? 
2020-05-29 08:30:40.446 DEBUG 30752 --- [http-nio-8022-exec-1] c.l.m.majiang.mapper.userMapper.select   : ==> Parameters: 337a5164-1b5a-45e0-bf58-32a41b14edec(String)
2020-05-29 08:30:40.453 DEBUG 30752 --- [http-nio-8022-exec-1] c.l.m.majiang.mapper.userMapper.select   : <==      Total: 0
2020-05-29 08:30:40.457 DEBUG 30752 --- [http-nio-8022-exec-1] c.l.m.majiang.mapper.questMapper.list    : ==>  Preparing: select q.id, q.title ,q.des,q.time_cr,q.time_up,q.creator,q.countt,q.view_count,q.like_count,q.tag,u.url from quest q inner join user u on q.creator = u.id limit ?,? 
2020-05-29 08:30:40.458 DEBUG 30752 --- [http-nio-8022-exec-1] c.l.m.majiang.mapper.questMapper.list    : ==> Parameters: 0(Integer), 5(Integer)
2020-05-29 08:30:40.468 DEBUG 30752 --- [http-nio-8022-exec-1] c.l.m.majiang.mapper.questMapper.list    : <==      Total: 5
2020-05-29 08:30:40.942 DEBUG 30752 --- [http-nio-8022-exec-3] c.l.m.majiang.mapper.userMapper.select   : ==>  Preparing: select * from user where token =? 
2020-05-29 08:30:40.943 DEBUG 30752 --- [http-nio-8022-exec-2] c.l.m.majiang.mapper.userMapper.select   : ==>  Preparing: select * from user where token =? 
2020-05-29 08:30:40.943 DEBUG 30752 --- [http-nio-8022-exec-3] c.l.m.majiang.mapper.userMapper.select   : ==> Parameters: 337a5164-1b5a-45e0-bf58-32a41b14edec(String)
2020-05-29 08:30:40.943 DEBUG 30752 --- [http-nio-8022-exec-4] c.l.m.majiang.mapper.userMapper.select   : ==>  Preparing: select * from user where token =? 
2020-05-29 08:30:40.947 DEBUG 30752 --- [http-nio-8022-exec-2] c.l.m.majiang.mapper.userMapper.select   : ==> Parameters: 337a5164-1b5a-45e0-bf58-32a41b14edec(String)
2020-05-29 08:30:40.949 DEBUG 30752 --- [http-nio-8022-exec-4] c.l.m.majiang.mapper.userMapper.select   : ==> Parameters: 337a5164-1b5a-45e0-bf58-32a41b14edec(String)
2020-05-29 08:30:40.950 DEBUG 30752 --- [http-nio-8022-exec-3] c.l.m.majiang.mapper.userMapper.select   : <==      Total: 0
2020-05-29 08:30:40.950 DEBUG 30752 --- [http-nio-8022-exec-5] c.l.m.majiang.mapper.userMapper.select   : ==>  Preparing: select * from user where token =? 
2020-05-29 08:30:40.951 DEBUG 30752 --- [http-nio-8022-exec-5] c.l.m.majiang.mapper.userMapper.select   : ==> Parameters: 337a5164-1b5a-45e0-bf58-32a41b14edec(String)
2020-05-29 08:30:40.953 DEBUG 30752 --- [http-nio-8022-exec-2] c.l.m.majiang.mapper.userMapper.select   : <==      Total: 0
2020-05-29 08:30:40.955 DEBUG 30752 --- [http-nio-8022-exec-5] c.l.m.majiang.mapper.userMapper.select   : <==      Total: 0
2020-05-29 08:30:40.958 DEBUG 30752 --- [http-nio-8022-exec-4] c.l.m.majiang.mapper.userMapper.select   : <==      Total: 0
2020-05-29 08:30:41.084 DEBUG 30752 --- [http-nio-8022-exec-6] c.l.m.majiang.mapper.userMapper.select   : ==>  Preparing: select * from user where token =? 
2020-05-29 08:30:41.084 DEBUG 30752 --- [http-nio-8022-exec-6] c.l.m.majiang.mapper.userMapper.select   : ==> Parameters: 337a5164-1b5a-45e0-bf58-32a41b14edec(String)
2020-05-29 08:30:41.086 DEBUG 30752 --- [http-nio-8022-exec-6] c.l.m.majiang.mapper.userMapper.select   : <==      Total: 0
2020-05-29 08:30:41.239 DEBUG 30752 --- [http-nio-8022-exec-8] c.l.m.majiang.mapper.userMapper.select   : ==>  Preparing: select * from user where token =? 
2020-05-29 08:30:41.239 DEBUG 30752 --- [http-nio-8022-exec-9] c.l.m.majiang.mapper.userMapper.select   : ==>  Preparing: select * from user where token =? 
2020-05-29 08:30:41.239 DEBUG 30752 --- [http-nio-8022-exec-9] c.l.m.majiang.mapper.userMapper.select   : ==> Parameters: 337a5164-1b5a-45e0-bf58-32a41b14edec(String)
2020-05-29 08:30:41.239 DEBUG 30752 --- [http-nio-8022-exec-8] c.l.m.majiang.mapper.userMapper.select   : ==> Parameters: 337a5164-1b5a-45e0-bf58-32a41b14edec(String)
2020-05-29 08:30:41.241 DEBUG 30752 --- [http-nio-8022-exec-9] c.l.m.majiang.mapper.userMapper.select   : <==      Total: 0
2020-05-29 08:30:41.241 DEBUG 30752 --- [http-nio-8022-exec-8] c.l.m.majiang.mapper.userMapper.select   : <==      Total: 0
2020-05-29 08:30:43.432 DEBUG 30752 --- [http-nio-8022-exec-4] c.l.m.majiang.mapper.userMapper.select   : ==>  Preparing: select * from user where token =? 
2020-05-29 08:30:43.432 DEBUG 30752 --- [http-nio-8022-exec-4] c.l.m.majiang.mapper.userMapper.select   : ==> Parameters: 337a5164-1b5a-45e0-bf58-32a41b14edec(String)
2020-05-29 08:30:43.435 DEBUG 30752 --- [http-nio-8022-exec-4] c.l.m.majiang.mapper.userMapper.select   : <==      Total: 0
2020-05-29 08:30:48.184 DEBUG 30752 --- [http-nio-8022-exec-4] c.l.m.m.mapper.userMapper.findtoke       : ==>  Preparing: select name from user where name =? 
2020-05-29 08:30:48.185 DEBUG 30752 --- [http-nio-8022-exec-4] c.l.m.m.mapper.userMapper.findtoke       : ==> Parameters: 厉锡兵(String)
2020-05-29 08:30:48.187 DEBUG 30752 --- [http-nio-8022-exec-4] c.l.m.m.mapper.userMapper.findtoke       : <==      Total: 1
2020-05-29 08:30:48.188 DEBUG 30752 --- [http-nio-8022-exec-4] c.l.m.m.mapper.userMapper.selectto       : ==>  Preparing: select * from user where name =? 
2020-05-29 08:30:48.188 DEBUG 30752 --- [http-nio-8022-exec-4] c.l.m.m.mapper.userMapper.selectto       : ==> Parameters: 厉锡兵(String)
2020-05-29 08:30:48.190 DEBUG 30752 --- [http-nio-8022-exec-4] c.l.m.m.mapper.userMapper.selectto       : <==      Total: 1
2020-05-29 08:30:48.202 DEBUG 30752 --- [http-nio-8022-exec-2] c.l.m.majiang.mapper.userMapper.select   : ==>  Preparing: select * from user where token =? 
2020-05-29 08:30:48.202 DEBUG 30752 --- [http-nio-8022-exec-2] c.l.m.majiang.mapper.userMapper.select   : ==> Parameters: e579b9c4-579d-49d6-bb81-8fd1bc5659f3(String)
2020-05-29 08:30:48.203 DEBUG 30752 --- [http-nio-8022-exec-2] c.l.m.majiang.mapper.userMapper.select   : <==      Total: 0
2020-05-29 08:30:48.204  INFO 30752 --- [http-nio-8022-exec-2] c.l.m.m.controller.Lixibingcontroller    : 123456789
2020-05-29 08:30:48.205 DEBUG 30752 --- [http-nio-8022-exec-2] c.l.m.majiang.mapper.userMapper.select   : ==>  Preparing: select * from user where token =? 
2020-05-29 08:30:48.205 DEBUG 30752 --- [http-nio-8022-exec-2] c.l.m.majiang.mapper.userMapper.select   : ==> Parameters: e579b9c4-579d-49d6-bb81-8fd1bc5659f3(String)
2020-05-29 08:30:48.206 DEBUG 30752 --- [http-nio-8022-exec-2] c.l.m.majiang.mapper.userMapper.select   : <==      Total: 0
2020-05-29 08:30:48.207 DEBUG 30752 --- [http-nio-8022-exec-2] c.l.m.majiang.mapper.questMapper.list    : ==>  Preparing: select q.id, q.title ,q.des,q.time_cr,q.time_up,q.creator,q.countt,q.view_count,q.like_count,q.tag,u.url from quest q inner join user u on q.creator = u.id limit ?,? 
2020-05-29 08:30:48.207 DEBUG 30752 --- [http-nio-8022-exec-2] c.l.m.majiang.mapper.questMapper.list    : ==> Parameters: 0(Integer), 5(Integer)
2020-05-29 08:30:48.214 DEBUG 30752 --- [http-nio-8022-exec-2] c.l.m.majiang.mapper.questMapper.list    : <==      Total: 5
2020-05-29 09:00:42.243  INFO 30380 --- [main] c.l.m.majiang.MajiangApplicationTests    : Starting MajiangApplicationTests on DESKTOP-DSMKROM with PID 30380 (started by admin in D:\majiangsp)
2020-05-29 09:00:42.245  INFO 30380 --- [main] c.l.m.majiang.MajiangApplicationTests    : No active profile set, falling back to default profiles: default
2020-05-29 09:00:44.377  INFO 30380 --- [main] o.s.s.concurrent.ThreadPoolTaskExecutor  : Initializing ExecutorService 'applicationTaskExecutor'
2020-05-29 09:00:45.659  INFO 30380 --- [main] c.l.m.majiang.MajiangApplicationTests    : Started MajiangApplicationTests in 3.792 seconds (JVM running for 4.73)
2020-05-29 09:00:46.839  INFO 30380 --- [Thread-2] o.s.s.concurrent.ThreadPoolTaskExecutor  : Shutting down ExecutorService 'applicationTaskExecutor'
